-------------------------------------
Beginning Export of all Source
مديرية الزراعة.accdb
VCS Version 3.4.23
Using Fast Save
11/09/22 12:49:09 م
-------------------------------------
-------------------------------------
Exporting project...          
  مديرية الزراعة.accdb
[1]
-------------------------------------
Exporting vb project...       
  مديرية الزراعة
[1]
-------------------------------------
Exporting vbe references...   
  stdole
[1]
-------------------------------------
No modified vbe forms found in this database.
-------------------------------------
No modified proj properties found in this database.
-------------------------------------
No modified saved specs found in this database.
-------------------------------------
Exporting db properties...    
  Database Properties (DAO)
[31]
-------------------------------------
No modified shared images found in this database.
-------------------------------------
Exporting themes...           
  Office Theme
[1]
-------------------------------------
No modified imex specs found in this database.
-------------------------------------
No modified tables found in this database.
-------------------------------------
No modified queries found in this database.
-------------------------------------
No modified forms found in this database.
-------------------------------------
No modified macros found in this database.
-------------------------------------
No modified reports found in this database.
-------------------------------------
No modified table data found in this database.
-------------------------------------
No modified modules found in this database.
-------------------------------------
No modified table data macros found in this database.
-------------------------------------
Exporting relations...        
  الأقسامالموظف
  الأقسامبيانات قسم الإداري
  الأقسامبيانات قسم الاتصالات الإدارية
  الموظفبيانات قسم الإداري
  الموظفبيانات قسم الاتصالات الإدارية
[5]
-------------------------------------
Exporting doc properties...   
  Database Documents
[2]
-------------------------------------
Exporting nav pane groups...  
  Groups
[1]
-------------------------------------
No modified hidden attributes found in this database.
-------------------------------------
Done. (0.5 seconds)

--------------------------------------------------
                PERFORMANCE REPORTS
--------------------------------------------------
Object Type                   Count     Seconds
--------------------------------------------------
Project                       1         0.01
VB Project                    1         0.01
VBE References                1         0.02
DB Properties                 31        0.13
Themes                        1         0.01
Relations                     5         0.06
Doc Properties                2         0.01
Nav Pane Groups               1         0.01
--------------------------------------------------
TOTALS:                       43        0.26
--------------------------------------------------

--------------------------------------------------
Operations                    Count     Seconds
--------------------------------------------------
Read File                     12        0.00
Parse JSON                    12        0.01
Convert to JSON               402       0.22
Compute SHA256                7         0.00
Console Updates               2         0.16
Compare Dictionary            10        0.00
Get Modified Date             3         0.00
Get File Property Hash        3         0.00
Verify Path                   2         0.00
Create Folder                 1         0.00
Export Theme                  1         0.00
Clear Orphaned                2         0.02
Write File                    1         0.00
--------------------------------------------------
Other Operations                        0.11
--------------------------------------------------


